1648644144443	geckodriver	INFO	Listening on 127.0.0.1:54573
1648644147522	mozrunner::runner	INFO	Running command: "C:\\Program Files\\Mozilla Firefox\\firefox.exe" "--marionette" "--remote-debugging-port" "54574" "-no-remote" "-profile" "C:\\Users\\ASUS\\AppData\\Local\\Temp\\rust_mozprofilePOVnkT"
1648644147877	Marionette	INFO	Marionette enabled
console.warn: SearchSettings: "get: No settings file exists, new profile?" (new NotFoundError("Could not open the file at C:\\Users\\ASUS\\AppData\\Local\\Temp\\rust_mozprofilePOVnkT\\search.json.mozlz4", (void 0)))
DevTools listening on ws://localhost:54574/devtools/browser/7c6d0492-a66e-451f-b584-8253486526d7
1648644150058	Marionette	INFO	Listening on port 54579
1648644150209	RemoteAgent	WARN	TLS certificate errors will be ignored for this session
1648644156647	Marionette	INFO	Stopped listening on port 54579
console.warn: TopSitesFeed: Failed to fetch data from Contile server: NetworkError when attempting to fetch resource.

###!!! [Parent][PGPUParent] Error: RunMessage(msgname=PGPU::Msg_ShutdownVR) Channel closing: too late to send/recv, messages will be lost

1648644237597	geckodriver	INFO	Listening on 127.0.0.1:52105
1648644240667	mozrunner::runner	INFO	Running command: "C:\\Program Files\\Mozilla Firefox\\firefox.exe" "--marionette" "--remote-debugging-port" "52106" "-no-remote" "-profile" "C:\\Users\\ASUS\\AppData\\Local\\Temp\\rust_mozprofileRPpt7T"
1648644240949	Marionette	INFO	Marionette enabled
console.warn: SearchSettings: "get: No settings file exists, new profile?" (new NotFoundError("Could not open the file at C:\\Users\\ASUS\\AppData\\Local\\Temp\\rust_mozprofileRPpt7T\\search.json.mozlz4", (void 0)))
DevTools listening on ws://localhost:52106/devtools/browser/493e4f24-89ac-44ca-8cb2-26df3d47e2a7
1648644242780	Marionette	INFO	Listening on port 52112
1648644242826	RemoteAgent	WARN	TLS certificate errors will be ignored for this session
1648644256296	Marionette	INFO	Stopped listening on port 52112
console.warn: TopSitesFeed: Failed to fetch data from Contile server: NetworkError when attempting to fetch resource.
1648645154102	geckodriver	INFO	Listening on 127.0.0.1:50818
1648645157179	mozrunner::runner	INFO	Running command: "C:\\Program Files\\Mozilla Firefox\\firefox.exe" "--marionette" "--remote-debugging-port" "50819" "-no-remote" "-profile" "C:\\Users\\ASUS\\AppData\\Local\\Temp\\rust_mozprofile50Jngc"
1648645157415	Marionette	INFO	Marionette enabled
console.warn: SearchSettings: "get: No settings file exists, new profile?" (new NotFoundError("Could not open the file at C:\\Users\\ASUS\\AppData\\Local\\Temp\\rust_mozprofile50Jngc\\search.json.mozlz4", (void 0)))
DevTools listening on ws://localhost:50819/devtools/browser/21a6917b-976a-4ce0-b764-e050c7180c14
1648645159190	Marionette	INFO	Listening on port 50824
1648645159234	RemoteAgent	WARN	TLS certificate errors will be ignored for this session
1648645165906	Marionette	INFO	Stopped listening on port 50824
console.warn: TopSitesFeed: Failed to fetch data from Contile server: NetworkError when attempting to fetch resource.

###!!! [Parent][PGPUParent] Error: RunMessage(msgname=PGPU::Msg_ShutdownVR) Channel closing: too late to send/recv, messages will be lost

1648645252835	geckodriver	INFO	Listening on 127.0.0.1:61293
1648645255914	mozrunner::runner	INFO	Running command: "C:\\Program Files\\Mozilla Firefox\\firefox.exe" "--marionette" "--remote-debugging-port" "61294" "-no-remote" "-profile" "C:\\Users\\ASUS\\AppData\\Local\\Temp\\rust_mozprofileDr8JSV"
1648645256156	Marionette	INFO	Marionette enabled
console.warn: SearchSettings: "get: No settings file exists, new profile?" (new NotFoundError("Could not open the file at C:\\Users\\ASUS\\AppData\\Local\\Temp\\rust_mozprofileDr8JSV\\search.json.mozlz4", (void 0)))
DevTools listening on ws://localhost:61294/devtools/browser/3ba21b08-91e0-4ccd-ad36-93507c74921e
1648645257800	Marionette	INFO	Listening on port 61299
1648645257969	RemoteAgent	WARN	TLS certificate errors will be ignored for this session
1648645310777	Marionette	INFO	Stopped listening on port 61299
console.warn: TopSitesFeed: Failed to fetch data from Contile server: NetworkError when attempting to fetch resource.
